{"level":"warn","message":"Ruta no encontrada /logout"}
{"level":"warn","message":"Ruta no encontrada /logout"}
{"level":"warn","message":"Ruta no encontrada /logout"}
{"level":"warn","message":"Ruta no encontrada /logout"}
{"level":"warn","message":"Ruta no encontrada /logout"}
{"level":"warn","message":"Ruta no encontrada /pepe"}
{"level":"warn","message":"Ruta no encontrada /JJA"}
{"level":"warn","message":"Ruta no encontrada /api/carritos"}
{"level":"warn","message":"Ruta no encontrada /api/carritos"}
{"level":"warn","message":"Ruta no encontrada /favicon.ico"}
{"level":"warn","message":"Ruta no encontrada /favicon.ico"}
{"level":"warn","message":"Ruta no encontrada /favicon.ico"}
{"level":"warn","message":"Ruta no encontrada /favicon.ico"}
{"level":"warn","message":"Ruta no encontrada /favicon.ico"}
{"level":"warn","message":"Ruta no encontrada /favicon.ico"}
{"level":"warn","message":"Ruta no encontrada /favicon.ico"}
{"level":"warn","message":"Ruta no encontrada /favicon.ico"}
{"level":"warn","message":"Ruta no encontrada /favicon.ico"}
{"level":"warn","message":"Ruta no encontrada /favicon.ico"}
{"level":"warn","message":"Ruta no encontrada /favicon.ico"}
{"level":"warn","message":"Ruta no encontrada /favicon.ico"}
{"level":"warn","message":"Ruta no encontrada /favicon.ico"}
{"level":"warn","message":"Ruta no encontrada /favicon.ico"}
{"level":"warn","message":"Ruta no encontrada /favicon.ico"}
{"level":"warn","message":"Ruta no encontrada /favicon.ico"}
{"level":"warn","message":"Ruta no encontrada /favicon.ico"}
{"level":"warn","message":"Ruta no encontrada /favicon.ico"}
{"level":"warn","message":"Ruta no encontrada /favicon.ico"}
{"level":"warn","message":"Ruta no encontrada /favicon.ico"}
{"level":"warn","message":"Ruta no encontrada /favicon.ico"}
{"level":"warn","message":"Ruta no encontrada /favicon.ico"}
{"level":"warn","message":"Ruta no encontrada /favicon.ico"}
{"level":"warn","message":"Ruta no encontrada /favicon.ico"}
{"level":"warn","message":"Ruta no encontrada /favicon.ico"}
{"level":"warn","message":"Ruta no encontrada /favicon.ico"}
{"level":"warn","message":"Ruta no encontrada /favicon.ico"}
{"level":"warn","message":"Ruta no encontrada /favicon.ico"}
{"level":"warn","message":"Ruta no encontrada /favicon.ico"}
{"level":"warn","message":"Ruta no encontrada /favicon.ico"}
{"level":"warn","message":"Ruta no encontrada /favicon.ico"}
{"level":"warn","message":"Ruta no encontrada /favicon.ico"}
{"level":"warn","message":"Ruta no encontrada /favicon.ico"}
{"level":"warn","message":"Ruta no encontrada /favicon.ico"}
{"level":"warn","message":"Ruta no encontrada /favicon.ico"}
{"level":"warn","message":"Ruta no encontrada /favicon.ico"}
{"level":"warn","message":"Ruta no encontrada /favicon.ico"}
{"level":"warn","message":"Ruta no encontrada /favicon.ico"}
{"level":"warn","message":"Ruta no encontrada /favicon.ico"}
{"level":"warn","message":"Ruta no encontrada /favicon.ico"}
{"level":"warn","message":"Ruta no encontrada /favicon.ico"}
{"level":"warn","message":"Ruta no encontrada /favicon.ico"}
{"level":"warn","message":"Ruta no encontrada /favicon.ico"}
{"level":"warn","message":"Ruta no encontrada /favicon.ico"}
{"level":"warn","message":"Ruta no encontrada /favicon.ico"}
{"level":"warn","message":"Ruta no encontrada /favicon.ico"}
{"level":"warn","message":"Ruta no encontrada /favicon.ico"}
{"level":"warn","message":"Ruta no encontrada /favicon.ico"}
{"level":"warn","message":"Ruta no encontrada /favicon.ico"}
{"level":"warn","message":"Ruta no encontrada /favicon.ico"}
{"level":"warn","message":"Ruta no encontrada /favicon.ico"}
{"level":"warn","message":"Ruta no encontrada /favicon.ico"}
{"level":"warn","message":"Ruta no encontrada /favicon.ico"}
{"level":"warn","message":"Ruta no encontrada /favicon.ico"}
{"level":"warn","message":"Ruta no encontrada /favicon.ico"}
{"level":"warn","message":"Ruta no encontrada /favicon.ico"}
{"level":"warn","message":"Ruta no encontrada /favicon.ico"}
{"level":"warn","message":"Ruta no encontrada /favicon.ico"}
{"level":"warn","message":"Ruta no encontrada /favicon.ico"}
{"level":"warn","message":"Ruta no encontrada /favicon.ico"}
{"level":"warn","message":"Ruta no encontrada /favicon.ico"}
{"level":"warn","message":"Ruta no encontrada /favicon.ico"}
{"level":"warn","message":"Ruta no encontrada /favicon.ico"}
{"level":"warn","message":"Ruta no encontrada /favicon.ico"}
{"level":"warn","message":"Ruta no encontrada /favicon.ico"}
{"level":"warn","message":"Ruta no encontrada /favicon.ico"}
{"level":"warn","message":"Ruta no encontrada /favicon.ico"}
{"level":"warn","message":"Ruta no encontrada /favicon.ico"}
{"level":"warn","message":"Ruta no encontrada /favicon.ico"}
{"level":"warn","message":"Ruta no encontrada /favicon.ico"}
{"level":"warn","message":"Ruta no encontrada /favicon.ico"}
{"level":"warn","message":"Ruta no encontrada /favicon.ico"}
{"level":"warn","message":"Ruta no encontrada /favicon.ico"}
{"level":"warn","message":"Ruta no encontrada /favicon.ico"}
{"level":"warn","message":"Ruta no encontrada /favicon.ico"}
{"level":"warn","message":"Ruta no encontrada /favicon.ico"}
{"level":"warn","message":"Ruta no encontrada /favicon.ico"}
{"level":"warn","message":"Ruta no encontrada /favicon.ico"}
{"level":"warn","message":"Ruta no encontrada /favicon.ico"}
{"level":"warn","message":"Ruta no encontrada /favicon.ico"}
{"level":"warn","message":"Ruta no encontrada /favicon.ico"}
{"level":"warn","message":"Ruta no encontrada /favicon.ico"}
{"level":"warn","message":"Ruta no encontrada /favicon.ico"}
{"level":"warn","message":"Ruta no encontrada /favicon.ico"}
{"level":"warn","message":"Ruta no encontrada /favicon.ico"}
{"level":"warn","message":"Ruta no encontrada /favicon.ico"}
{"level":"warn","message":"Ruta no encontrada /favicon.ico"}
{"level":"warn","message":"Ruta no encontrada /favicon.ico"}
{"level":"warn","message":"Ruta no encontrada /favicon.ico"}
{"level":"warn","message":"Ruta no encontrada /favicon.ico"}
{"level":"warn","message":"Ruta no encontrada /favicon.ico"}
{"level":"warn","message":"Ruta no encontrada /favicon.ico"}
{"level":"warn","message":"Ruta no encontrada /favicon.ico"}
{"level":"warn","message":"Ruta no encontrada /favicon.ico"}
{"level":"warn","message":"Ruta no encontrada /favicon.ico"}
{"level":"warn","message":"Ruta no encontrada /favicon.ico"}
{"level":"warn","message":"Ruta no encontrada /favicon.ico"}
{"level":"warn","message":"Ruta no encontrada /favicon.ico"}
{"level":"warn","message":"Ruta no encontrada /favicon.ico"}
{"level":"warn","message":"Ruta no encontrada /favicon.ico"}
{"level":"warn","message":"Ruta no encontrada /favicon.ico"}
{"level":"warn","message":"Ruta no encontrada /favicon.ico"}
{"level":"warn","message":"Ruta no encontrada /favicon.ico"}
{"level":"warn","message":"Ruta no encontrada /favicon.ico"}
{"level":"warn","message":"Ruta no encontrada /favicon.ico"}
{"level":"warn","message":"Ruta no encontrada /favicon.ico"}
{"level":"warn","message":"Ruta no encontrada /favicon.ico"}
{"level":"warn","message":"Ruta no encontrada /api/css/index.css"}
{"level":"warn","message":"Ruta no encontrada /api/js/main.js"}
{"level":"warn","message":"Ruta no encontrada /favicon.ico"}
{"level":"warn","message":"Ruta no encontrada /api/css/index.css"}
{"level":"warn","message":"Ruta no encontrada /api/js/main.js"}
{"level":"warn","message":"Ruta no encontrada /favicon.ico"}
{"level":"warn","message":"Ruta no encontrada /favicon.ico"}
{"level":"warn","message":"Ruta no encontrada /favicon.ico"}
{"level":"warn","message":"Ruta no encontrada /favicon.ico"}
{"level":"warn","message":"Ruta no encontrada /favicon.ico"}
{"level":"warn","message":"Ruta no encontrada /favicon.ico"}
{"level":"warn","message":"Ruta no encontrada /api/css/index.css"}
{"level":"warn","message":"Ruta no encontrada /api/js/main.js"}
{"level":"warn","message":"Ruta no encontrada /favicon.ico"}
{"level":"warn","message":"Ruta no encontrada /favicon.ico"}
{"level":"warn","message":"Ruta no encontrada /favicon.ico"}
{"level":"warn","message":"Ruta no encontrada /favicon.ico"}
{"level":"warn","message":"Ruta no encontrada /favicon.ico"}
{"level":"warn","message":"Ruta no encontrada /favicon.ico"}
{"level":"warn","message":"Ruta no encontrada /favicon.ico"}
{"level":"warn","message":"Ruta no encontrada /favicon.ico"}
{"level":"warn","message":"Ruta no encontrada /favicon.ico"}
{"level":"warn","message":"Ruta no encontrada /favicon.ico"}
{"level":"warn","message":"Ruta no encontrada /favicon.ico"}
{"level":"warn","message":"Ruta no encontrada /favicon.ico"}
{"level":"warn","message":"Ruta no encontrada /favicon.ico"}
{"level":"warn","message":"Ruta no encontrada /favicon.ico"}
{"level":"warn","message":"Ruta no encontrada /favicon.ico"}
{"level":"warn","message":"Ruta no encontrada /favicon.ico"}
{"level":"warn","message":"Ruta no encontrada /favicon.ico"}
{"level":"warn","message":"Ruta no encontrada /favicon.ico"}
{"level":"warn","message":"Ruta no encontrada /favicon.ico"}
{"level":"warn","message":"Ruta no encontrada /favicon.ico"}
{"level":"warn","message":"Ruta no encontrada /favicon.ico"}
{"level":"warn","message":"Ruta no encontrada /favicon.ico"}
{"level":"warn","message":"Ruta no encontrada /favicon.ico"}
{"level":"warn","message":"Ruta no encontrada /favicon.ico"}
{"level":"warn","message":"Ruta no encontrada /favicon.ico"}
{"level":"warn","message":"Ruta no encontrada /favicon.ico"}
{"level":"warn","message":"Ruta no encontrada /favicon.ico"}
{"level":"warn","message":"Ruta no encontrada /favicon.ico"}
{"level":"warn","message":"Ruta no encontrada /favicon.ico"}
{"level":"warn","message":"Ruta no encontrada /favicon.ico"}
{"level":"warn","message":"Ruta no encontrada /favicon.ico"}
{"level":"warn","message":"Ruta no encontrada /favicon.ico"}
{"level":"warn","message":"Ruta no encontrada /favicon.ico"}
{"level":"warn","message":"Ruta no encontrada /favicon.ico"}
{"level":"warn","message":"Ruta no encontrada /favicon.ico"}
{"level":"warn","message":"Ruta no encontrada /favicon.ico"}
{"level":"warn","message":"Ruta no encontrada /favicon.ico"}
{"level":"warn","message":"Ruta no encontrada /favicon.ico"}
{"level":"warn","message":"Ruta no encontrada /favicon.ico"}
{"level":"warn","message":"Ruta no encontrada /favicon.ico"}
{"level":"warn","message":"Ruta no encontrada /favicon.ico"}
{"level":"warn","message":"Ruta no encontrada /favicon.ico"}
{"level":"warn","message":"Ruta no encontrada /favicon.ico"}
{"level":"warn","message":"Ruta no encontrada /favicon.ico"}
{"level":"warn","message":"Ruta no encontrada /favicon.ico"}
{"level":"warn","message":"Ruta no encontrada /favicon.ico"}
{"level":"warn","message":"Ruta no encontrada /favicon.ico"}
{"level":"warn","message":"Ruta no encontrada /favicon.ico"}
{"level":"warn","message":"Ruta no encontrada /favicon.ico"}
{"level":"warn","message":"Ruta no encontrada /favicon.ico"}
{"level":"warn","message":"Ruta no encontrada /favicon.ico"}
{"level":"warn","message":"Ruta no encontrada /favicon.ico"}
{"level":"warn","message":"Ruta no encontrada /favicon.ico"}
{"level":"warn","message":"Ruta no encontrada /favicon.ico"}
{"level":"warn","message":"Ruta no encontrada /favicon.ico"}
{"level":"warn","message":"Ruta no encontrada /favicon.ico"}
{"level":"warn","message":"Ruta no encontrada /favicon.ico"}
{"level":"warn","message":"Ruta no encontrada /favicon.ico"}
{"level":"warn","message":"Ruta no encontrada /favicon.ico"}
{"level":"warn","message":"Ruta no encontrada /favicon.ico"}
{"level":"warn","message":"Ruta no encontrada /favicon.ico"}
{"level":"warn","message":"Ruta no encontrada /favicon.ico"}
{"level":"warn","message":"Ruta no encontrada /favicon.ico"}
